0 info it worked if it ends with ok
1 verbose cli [ '/usr/bin/nodejs',
1 verbose cli   '/usr/bin/npm',
1 verbose cli   'install',
1 verbose cli   '-g',
1 verbose cli   'mongo-hacker' ]
2 info using npm@3.10.7
3 info using node@v4.5.0
4 silly loadCurrentTree Starting
5 silly install loadCurrentTree
6 silly install readGlobalPackageData
7 silly fetchPackageMetaData mongo-hacker
8 silly fetchNamedPackageData mongo-hacker
9 silly mapToRegistry name mongo-hacker
10 silly mapToRegistry using default registry
11 silly mapToRegistry registry https://registry.npmjs.org/
12 silly mapToRegistry data Result {
12 silly mapToRegistry   raw: 'mongo-hacker',
12 silly mapToRegistry   scope: null,
12 silly mapToRegistry   escapedName: 'mongo-hacker',
12 silly mapToRegistry   name: 'mongo-hacker',
12 silly mapToRegistry   rawSpec: '',
12 silly mapToRegistry   spec: 'latest',
12 silly mapToRegistry   type: 'tag' }
13 silly mapToRegistry uri https://registry.npmjs.org/mongo-hacker
14 verbose request uri https://registry.npmjs.org/mongo-hacker
15 verbose request no auth needed
16 info attempt registry request try #1 at 5:49:39 PM
17 verbose request id f029b71aa4dfcf1e
18 verbose etag "DMIGK89L3XNNALCWNSME7JVJI"
19 http request GET https://registry.npmjs.org/mongo-hacker
20 http 304 https://registry.npmjs.org/mongo-hacker
21 verbose headers { date: 'Sat, 17 Sep 2016 21:49:39 GMT',
21 verbose headers   via: '1.1 varnish',
21 verbose headers   'cache-control': 'max-age=300',
21 verbose headers   etag: '"DMIGK89L3XNNALCWNSME7JVJI"',
21 verbose headers   age: '100',
21 verbose headers   connection: 'keep-alive',
21 verbose headers   'x-served-by': 'cache-atl6231-ATL',
21 verbose headers   'x-cache': 'HIT',
21 verbose headers   'x-cache-hits': '1',
21 verbose headers   'x-timer': 'S1474148979.530395,VS0,VE0',
21 verbose headers   vary: 'Accept-Encoding' }
22 silly get cb [ 304,
22 silly get   { date: 'Sat, 17 Sep 2016 21:49:39 GMT',
22 silly get     via: '1.1 varnish',
22 silly get     'cache-control': 'max-age=300',
22 silly get     etag: '"DMIGK89L3XNNALCWNSME7JVJI"',
22 silly get     age: '100',
22 silly get     connection: 'keep-alive',
22 silly get     'x-served-by': 'cache-atl6231-ATL',
22 silly get     'x-cache': 'HIT',
22 silly get     'x-cache-hits': '1',
22 silly get     'x-timer': 'S1474148979.530395,VS0,VE0',
22 silly get     vary: 'Accept-Encoding' } ]
23 verbose etag https://registry.npmjs.org/mongo-hacker from cache
24 verbose get saving mongo-hacker to /home/onyx/.npm/registry.npmjs.org/mongo-hacker/.cache.json
25 verbose correctMkdir /home/onyx/.npm correctMkdir not in flight; initializing
26 silly install normalizeTree
27 silly loadCurrentTree Finishing
28 silly loadIdealTree Starting
29 silly install loadIdealTree
30 silly cloneCurrentTree Starting
31 silly install cloneCurrentTreeToIdealTree
32 silly cloneCurrentTree Finishing
33 silly loadShrinkwrap Starting
34 silly install loadShrinkwrap
35 silly loadShrinkwrap Finishing
36 silly loadAllDepsIntoIdealTree Starting
37 silly install loadAllDepsIntoIdealTree
38 silly resolveWithNewModule mongo-hacker@0.0.14 checking installable status
39 silly cache add args [ 'mongo-hacker', null ]
40 verbose cache add spec mongo-hacker
41 silly cache add parsed spec Result {
41 silly cache add   raw: 'mongo-hacker',
41 silly cache add   scope: null,
41 silly cache add   escapedName: 'mongo-hacker',
41 silly cache add   name: 'mongo-hacker',
41 silly cache add   rawSpec: '',
41 silly cache add   spec: 'latest',
41 silly cache add   type: 'tag' }
42 silly addNamed mongo-hacker@latest
43 verbose addNamed "latest" is being treated as a dist-tag for mongo-hacker
44 info addNameTag [ 'mongo-hacker', 'latest' ]
45 silly mapToRegistry name mongo-hacker
46 silly mapToRegistry using default registry
47 silly mapToRegistry registry https://registry.npmjs.org/
48 silly mapToRegistry data Result {
48 silly mapToRegistry   raw: 'mongo-hacker',
48 silly mapToRegistry   scope: null,
48 silly mapToRegistry   escapedName: 'mongo-hacker',
48 silly mapToRegistry   name: 'mongo-hacker',
48 silly mapToRegistry   rawSpec: '',
48 silly mapToRegistry   spec: 'latest',
48 silly mapToRegistry   type: 'tag' }
49 silly mapToRegistry uri https://registry.npmjs.org/mongo-hacker
50 verbose addNameTag registry:https://registry.npmjs.org/mongo-hacker not in flight; fetching
51 verbose get https://registry.npmjs.org/mongo-hacker not expired, no request
52 silly addNameTag next cb for mongo-hacker with tag latest
53 silly addNamed mongo-hacker@0.0.14
54 verbose addNamed "0.0.14" is a plain semver version for mongo-hacker
55 silly cache afterAdd mongo-hacker@0.0.14
56 verbose afterAdd /home/onyx/.npm/mongo-hacker/0.0.14/package/package.json not in flight; writing
57 verbose correctMkdir /home/onyx/.npm correctMkdir not in flight; initializing
58 verbose afterAdd /home/onyx/.npm/mongo-hacker/0.0.14/package/package.json written
59 silly loadAllDepsIntoIdealTree Finishing
60 silly loadIdealTree Finishing
61 silly currentTree lib
62 silly idealTree lib
62 silly idealTree └── mongo-hacker@0.0.14
63 silly generateActionsToTake Starting
64 silly install generateActionsToTake
65 warn checkPermissions Missing write access to /usr/lib/node_modules
66 silly rollbackFailedOptional Starting
67 silly rollbackFailedOptional Finishing
68 silly runTopLevelLifecycles Finishing
69 silly install printInstalled
70 verbose stack Error: EACCES: permission denied, access '/usr/lib/node_modules'
70 verbose stack     at Error (native)
71 verbose cwd /home/onyx/projects/urlShortener
72 error Linux 4.4.0-36-generic
73 error argv "/usr/bin/nodejs" "/usr/bin/npm" "install" "-g" "mongo-hacker"
74 error node v4.5.0
75 error npm  v3.10.7
76 error path /usr/lib/node_modules
77 error code EACCES
78 error errno -13
79 error syscall access
80 error Error: EACCES: permission denied, access '/usr/lib/node_modules'
80 error     at Error (native)
80 error  { [Error: EACCES: permission denied, access '/usr/lib/node_modules']
80 error   errno: -13,
80 error   code: 'EACCES',
80 error   syscall: 'access',
80 error   path: '/usr/lib/node_modules' }
81 error Please try running this command again as root/Administrator.
82 verbose exit [ -13, true ]
